Episode 0 Started
Exploring step 0
Exploring step 1
Exploring step 2
Exploring step 3
Exploring step 4
Exploring step 5
Exploring step 6
[[0. 0. 0. 0.]
 [0. 0. 0. 0.]
 [0. 0. 0. 0.]
 [0. 0. 0. 0.]
 [0. 0. 0. 0.]
 [0. 0. 0. 0.]
 [0. 0. 0. 0.]
 [0. 0. 0. 0.]
 [0. 0. 0. 0.]
 [0. 0. 0. 0.]
 [0. 0. 0. 0.]
 [0. 0. 0. 0.]
 [0. 0. 0. 0.]
 [0. 0. 0. 0.]
 [0. 0. 0. 0.]
 [0. 0. 0. 0.]]
Episode 1 Started
Exploring step 0
Exploring step 1
Exploring step 2
Exploring step 3
Exploring step 4
Exploring step 5
Exploring step 6
Exploring step 7
Exploring step 8
Exploring step 9
[[0. 0. 0. 0.]
 [0. 0. 0. 0.]
 [0. 0. 0. 0.]
 [0. 0. 0. 0.]
 [0. 0. 0. 0.]
 [0. 0. 0. 0.]
 [0. 0. 0. 0.]
 [0. 0. 0. 0.]
 [0. 0. 0. 0.]
 [0. 0. 0. 0.]
 [0. 0. 0. 0.]
 [0. 0. 0. 0.]
 [0. 0. 0. 0.]
 [0. 0. 0. 0.]
 [0. 0. 0. 0.]
 [0. 0. 0. 0.]]
Episode 2 Started
Exploring step 0
Exploring step 1
Exploring step 2
Exploring step 3
Exploring step 4
Exploring step 5
Exploring step 6
Exploring step 7
Exploring step 8
Exploring step 9
Exploring step 10
[[0. 0. 0. 0.]
 [0. 0. 0. 0.]
 [0. 0. 0. 0.]
 [0. 0. 0. 0.]
 [0. 0. 0. 0.]
 [0. 0. 0. 0.]
 [0. 0. 0. 0.]
 [0. 0. 0. 0.]
 [0. 0. 0. 0.]
 [0. 0. 0. 0.]
 [0. 0. 0. 0.]
 [0. 0. 0. 0.]
 [0. 0. 0. 0.]
 [0. 0. 0. 0.]
 [0. 0. 0. 0.]
 [0. 0. 0. 0.]]
Episode 3 Started
Exploring step 0
Exploring step 1
Exploring step 2
Exploring step 3
Exploring step 4
Exploring step 5
[[0. 0. 0. 0.]
 [0. 0. 0. 0.]
 [0. 0. 0. 0.]
 [0. 0. 0. 0.]
 [0. 0. 0. 0.]
 [0. 0. 0. 0.]
 [0. 0. 0. 0.]
 [0. 0. 0. 0.]
 [0. 0. 0. 0.]
 [0. 0. 0. 0.]
 [0. 0. 0. 0.]
 [0. 0. 0. 0.]
 [0. 0. 0. 0.]
 [0. 0. 0. 0.]
 [0. 0. 0. 0.]
 [0. 0. 0. 0.]]
Episode 4 Started
Exploring step 0
Exploring step 1
Exploring step 2
Exploring step 3
Exploring step 4
Exploring step 5
Exploring step 6
[[0. 0. 0. 0.]
 [0. 0. 0. 0.]
 [0. 0. 0. 0.]
 [0. 0. 0. 0.]
 [0. 0. 0. 0.]
 [0. 0. 0. 0.]
 [0. 0. 0. 0.]
 [0. 0. 0. 0.]
 [0. 0. 0. 0.]
 [0. 0. 0. 0.]
 [0. 0. 0. 0.]
 [0. 0. 0. 0.]
 [0. 0. 0. 0.]
 [0. 0. 0. 0.]
 [0. 0. 0. 0.]
 [0. 0. 0. 0.]]
Episode 5 Started
Exploring step 0
Exploring step 1
Exploring step 2
Exploring step 3
Exploring step 4
Exploring step 5
Exploring step 6
Exploring step 7
Exploring step 8
Exploring step 9
Exploring step 10
Exploring step 11
Exploring step 12
Exploring step 13
[[0. 0. 0. 0.]
 [0. 0. 0. 0.]
 [0. 0. 0. 0.]
 [0. 0. 0. 0.]
 [0. 0. 0. 0.]
 [0. 0. 0. 0.]
 [0. 0. 0. 0.]
 [0. 0. 0. 0.]
 [0. 0. 0. 0.]
 [0. 0. 0. 0.]
 [0. 0. 0. 0.]
 [0. 0. 0. 0.]
 [0. 0. 0. 0.]
 [0. 0. 0. 0.]
 [0. 0. 0. 0.]
 [0. 0. 0. 0.]]
Episode 6 Started
Exploring step 0
Exploring step 1
Exploring step 2
Exploring step 3
[[0. 0. 0. 0.]
 [0. 0. 0. 0.]
 [0. 0. 0. 0.]
 [0. 0. 0. 0.]
 [0. 0. 0. 0.]
 [0. 0. 0. 0.]
 [0. 0. 0. 0.]
 [0. 0. 0. 0.]
 [0. 0. 0. 0.]
 [0. 0. 0. 0.]
 [0. 0. 0. 0.]
 [0. 0. 0. 0.]
 [0. 0. 0. 0.]
 [0. 0. 0. 0.]
 [0. 0. 0. 0.]
 [0. 0. 0. 0.]]
Episode 7 Started
Exploring step 0
Exploring step 1
Exploring step 2
Exploring step 3
Exploring step 4
Exploring step 5
Exploring step 6
Exploring step 7
Exploring step 8
Exploring step 9
[[0. 0. 0. 0.]
 [0. 0. 0. 0.]
 [0. 0. 0. 0.]
 [0. 0. 0. 0.]
 [0. 0. 0. 0.]
 [0. 0. 0. 0.]
 [0. 0. 0. 0.]
 [0. 0. 0. 0.]
 [0. 0. 0. 0.]
 [0. 0. 0. 0.]
 [0. 0. 0. 0.]
 [0. 0. 0. 0.]
 [0. 0. 0. 0.]
 [0. 0. 0. 0.]
 [0. 0. 0. 0.]
 [0. 0. 0. 0.]]
Episode 8 Started
Exploring step 0
Exploring step 1
[[0. 0. 0. 0.]
 [0. 0. 0. 0.]
 [0. 0. 0. 0.]
 [0. 0. 0. 0.]
 [0. 0. 0. 0.]
 [0. 0. 0. 0.]
 [0. 0. 0. 0.]
 [0. 0. 0. 0.]
 [0. 0. 0. 0.]
 [0. 0. 0. 0.]
 [0. 0. 0. 0.]
 [0. 0. 0. 0.]
 [0. 0. 0. 0.]
 [0. 0. 0. 0.]
 [0. 0. 0. 0.]
 [0. 0. 0. 0.]]
Episode 9 Started
Exploring step 0
Exploring step 1
[[0. 0. 0. 0.]
 [0. 0. 0. 0.]
 [0. 0. 0. 0.]
 [0. 0. 0. 0.]
 [0. 0. 0. 0.]
 [0. 0. 0. 0.]
 [0. 0. 0. 0.]
 [0. 0. 0. 0.]
 [0. 0. 0. 0.]
 [0. 0. 0. 0.]
 [0. 0. 0. 0.]
 [0. 0. 0. 0.]
 [0. 0. 0. 0.]
 [0. 0. 0. 0.]
 [0. 0. 0. 0.]
 [0. 0. 0. 0.]]
Episode 10 Started
Exploring step 0
Exploring step 1
Exploring step 2
Exploring step 3
[[0. 0. 0. 0.]
 [0. 0. 0. 0.]
 [0. 0. 0. 0.]
 [0. 0. 0. 0.]
 [0. 0. 0. 0.]
 [0. 0. 0. 0.]
 [0. 0. 0. 0.]
 [0. 0. 0. 0.]
 [0. 0. 0. 0.]
 [0. 0. 0. 0.]
 [0. 0. 0. 0.]
 [0. 0. 0. 0.]
 [0. 0. 0. 0.]
 [0. 0. 0. 0.]
 [0. 0. 0. 0.]
 [0. 0. 0. 0.]]
Episode 11 Started
Exploring step 0
Exploring step 1
Exploring step 2
Exploring step 3
Exploring step 4
Exploring step 5
Exploring step 6
[[0. 0. 0. 0.]
 [0. 0. 0. 0.]
 [0. 0. 0. 0.]
 [0. 0. 0. 0.]
 [0. 0. 0. 0.]
 [0. 0. 0. 0.]
 [0. 0. 0. 0.]
 [0. 0. 0. 0.]
 [0. 0. 0. 0.]
 [0. 0. 0. 0.]
 [0. 0. 0. 0.]
 [0. 0. 0. 0.]
 [0. 0. 0. 0.]
 [0. 0. 0. 0.]
 [0. 0. 0. 0.]
 [0. 0. 0. 0.]]
Episode 12 Started
Exploring step 0
Exploring step 1
Exploring step 2
Exploring step 3
Exploring step 4
Exploring step 5
Exploring step 6
Exploring step 7
[[0. 0. 0. 0.]
 [0. 0. 0. 0.]
 [0. 0. 0. 0.]
 [0. 0. 0. 0.]
 [0. 0. 0. 0.]
 [0. 0. 0. 0.]
 [0. 0. 0. 0.]
 [0. 0. 0. 0.]
 [0. 0. 0. 0.]
 [0. 0. 0. 0.]
 [0. 0. 0. 0.]
 [0. 0. 0. 0.]
 [0. 0. 0. 0.]
 [0. 0. 0. 0.]
 [0. 0. 0. 0.]
 [0. 0. 0. 0.]]
Episode 13 Started
Exploring step 0
Exploring step 1
Exploring step 2
Exploring step 3
Exploring step 4
Exploring step 5
[[0. 0. 0. 0.]
 [0. 0. 0. 0.]
 [0. 0. 0. 0.]
 [0. 0. 0. 0.]
 [0. 0. 0. 0.]
 [0. 0. 0. 0.]
 [0. 0. 0. 0.]
 [0. 0. 0. 0.]
 [0. 0. 0. 0.]
 [0. 0. 0. 0.]
 [0. 0. 0. 0.]
 [0. 0. 0. 0.]
 [0. 0. 0. 0.]
 [0. 0. 0. 0.]
 [0. 0. 0. 0.]
 [0. 0. 0. 0.]]
Episode 14 Started
Exploring step 0
Exploring step 1
Exploring step 2
Exploring step 3
Exploring step 4
Exploring step 5
Exploring step 6
[[0. 0. 0. 0.]
 [0. 0. 0. 0.]
 [0. 0. 0. 0.]
 [0. 0. 0. 0.]
 [0. 0. 0. 0.]
 [0. 0. 0. 0.]
 [0. 0. 0. 0.]
 [0. 0. 0. 0.]
 [0. 0. 0. 0.]
 [0. 0. 0. 0.]
 [0. 0. 0. 0.]
 [0. 0. 0. 0.]
 [0. 0. 0. 0.]
 [0. 0. 0. 0.]
 [0. 0. 0. 0.]
 [0. 0. 0. 0.]]
Episode 15 Started
Exploring step 0
Exploring step 1
[[0. 0. 0. 0.]
 [0. 0. 0. 0.]
 [0. 0. 0. 0.]
 [0. 0. 0. 0.]
 [0. 0. 0. 0.]
 [0. 0. 0. 0.]
 [0. 0. 0. 0.]
 [0. 0. 0. 0.]
 [0. 0. 0. 0.]
 [0. 0. 0. 0.]
 [0. 0. 0. 0.]
 [0. 0. 0. 0.]
 [0. 0. 0. 0.]
 [0. 0. 0. 0.]
 [0. 0. 0. 0.]
 [0. 0. 0. 0.]]
Episode 16 Started
Exploring step 0
Exploring step 1
Exploring step 2
[[0. 0. 0. 0.]
 [0. 0. 0. 0.]
 [0. 0. 0. 0.]
 [0. 0. 0. 0.]
 [0. 0. 0. 0.]
 [0. 0. 0. 0.]
 [0. 0. 0. 0.]
 [0. 0. 0. 0.]
 [0. 0. 0. 0.]
 [0. 0. 0. 0.]
 [0. 0. 0. 0.]
 [0. 0. 0. 0.]
 [0. 0. 0. 0.]
 [0. 0. 0. 0.]
 [0. 0. 0. 0.]
 [0. 0. 0. 0.]]
Episode 17 Started
Exploring step 0
Exploring step 1
Exploring step 2
Exploring step 3
Exploring step 4
Exploring step 5
Exploring step 6
Exploring step 7
Exploring step 8
Exploring step 9
Exploring step 10
Exploring step 11
Exploring step 12
Exploring step 13
Exploring step 14
Exploring step 15
Exploring step 16
Exploring step 17
Exploring step 18
Exploring step 19
Exploring step 20
Exploring step 21
Exploring step 22
Exploring step 23
Exploring step 24
[[0. 0. 0. 0.]
 [0. 0. 0. 0.]
 [0. 0. 0. 0.]
 [0. 0. 0. 0.]
 [0. 0. 0. 0.]
 [0. 0. 0. 0.]
 [0. 0. 0. 0.]
 [0. 0. 0. 0.]
 [0. 0. 0. 0.]
 [0. 0. 0. 0.]
 [0. 0. 0. 0.]
 [0. 0. 0. 0.]
 [0. 0. 0. 0.]
 [0. 0. 0. 0.]
 [0. 0. 0. 0.]
 [0. 0. 0. 0.]]
Episode 18 Started
Exploring step 0
Exploring step 1
[[0. 0. 0. 0.]
 [0. 0. 0. 0.]
 [0. 0. 0. 0.]
 [0. 0. 0. 0.]
 [0. 0. 0. 0.]
 [0. 0. 0. 0.]
 [0. 0. 0. 0.]
 [0. 0. 0. 0.]
 [0. 0. 0. 0.]
 [0. 0. 0. 0.]
 [0. 0. 0. 0.]
 [0. 0. 0. 0.]
 [0. 0. 0. 0.]
 [0. 0. 0. 0.]
 [0. 0. 0. 0.]
 [0. 0. 0. 0.]]
Episode 19 Started
Exploring step 0
Exploring step 1
Exploring step 2
Exploring step 3
Exploring step 4
Exploring step 5
[[0. 0. 0. 0.]
 [0. 0. 0. 0.]
 [0. 0. 0. 0.]
 [0. 0. 0. 0.]
 [0. 0. 0. 0.]
 [0. 0. 0. 0.]
 [0. 0. 0. 0.]
 [0. 0. 0. 0.]
 [0. 0. 0. 0.]
 [0. 0. 0. 0.]
 [0. 0. 0. 0.]
 [0. 0. 0. 0.]
 [0. 0. 0. 0.]
 [0. 0. 0. 0.]
 [0. 0. 0. 0.]
 [0. 0. 0. 0.]]
Episode 20 Started
Exploring step 0
Exploring step 1
Exploring step 2
Exploring step 3
Exploring step 4
Exploring step 5
Exploring step 6
Exploring step 7
Exploring step 8
Exploring step 9
Exploring step 10
Exploring step 11
[[0. 0. 0. 0.]
 [0. 0. 0. 0.]
 [0. 0. 0. 0.]
 [0. 0. 0. 0.]
 [0. 0. 0. 0.]
 [0. 0. 0. 0.]
 [0. 0. 0. 0.]
 [0. 0. 0. 0.]
 [0. 0. 0. 0.]
 [0. 0. 0. 0.]
 [0. 0. 0. 0.]
 [0. 0. 0. 0.]
 [0. 0. 0. 0.]
 [0. 0. 0. 0.]
 [0. 0. 0. 0.]
 [0. 0. 0. 0.]]
Episode 21 Started
Exploring step 0
Exploring step 1
Exploring step 2
Exploring step 3
Exploring step 4
Exploring step 5
Exploring step 6
Exploring step 7
Exploring step 8
[[0. 0. 0. 0.]
 [0. 0. 0. 0.]
 [0. 0. 0. 0.]
 [0. 0. 0. 0.]
 [0. 0. 0. 0.]
 [0. 0. 0. 0.]
 [0. 0. 0. 0.]
 [0. 0. 0. 0.]
 [0. 0. 0. 0.]
 [0. 0. 0. 0.]
 [0. 0. 0. 0.]
 [0. 0. 0. 0.]
 [0. 0. 0. 0.]
 [0. 0. 0. 0.]
 [0. 0. 0. 0.]
 [0. 0. 0. 0.]]
Episode 22 Started
Exploring step 0
Exploring step 1
Exploring step 2
[[0. 0. 0. 0.]
 [0. 0. 0. 0.]
 [0. 0. 0. 0.]
 [0. 0. 0. 0.]
 [0. 0. 0. 0.]
 [0. 0. 0. 0.]
 [0. 0. 0. 0.]
 [0. 0. 0. 0.]
 [0. 0. 0. 0.]
 [0. 0. 0. 0.]
 [0. 0. 0. 0.]
 [0. 0. 0. 0.]
 [0. 0. 0. 0.]
 [0. 0. 0. 0.]
 [0. 0. 0. 0.]
 [0. 0. 0. 0.]]
Episode 23 Started
Exploring step 0
Exploring step 1
[[0. 0. 0. 0.]
 [0. 0. 0. 0.]
 [0. 0. 0. 0.]
 [0. 0. 0. 0.]
 [0. 0. 0. 0.]
 [0. 0. 0. 0.]
 [0. 0. 0. 0.]
 [0. 0. 0. 0.]
 [0. 0. 0. 0.]
 [0. 0. 0. 0.]
 [0. 0. 0. 0.]
 [0. 0. 0. 0.]
 [0. 0. 0. 0.]
 [0. 0. 0. 0.]
 [0. 0. 0. 0.]
 [0. 0. 0. 0.]]
Episode 24 Started
Exploring step 0
Exploring step 1
Exploring step 2
[[0. 0. 0. 0.]
 [0. 0. 0. 0.]
 [0. 0. 0. 0.]
 [0. 0. 0. 0.]
 [0. 0. 0. 0.]
 [0. 0. 0. 0.]
 [0. 0. 0. 0.]
 [0. 0. 0. 0.]
 [0. 0. 0. 0.]
 [0. 0. 0. 0.]
 [0. 0. 0. 0.]
 [0. 0. 0. 0.]
 [0. 0. 0. 0.]
 [0. 0. 0. 0.]
 [0. 0. 0. 0.]
 [0. 0. 0. 0.]]
Episode 25 Started
Exploring step 0
Exploring step 1
Exploring step 2
[[0. 0. 0. 0.]
 [0. 0. 0. 0.]
 [0. 0. 0. 0.]
 [0. 0. 0. 0.]
 [0. 0. 0. 0.]
 [0. 0. 0. 0.]
 [0. 0. 0. 0.]
 [0. 0. 0. 0.]
 [0. 0. 0. 0.]
 [0. 0. 0. 0.]
 [0. 0. 0. 0.]
 [0. 0. 0. 0.]
 [0. 0. 0. 0.]
 [0. 0. 0. 0.]
 [0. 0. 0. 0.]
 [0. 0. 0. 0.]]
Episode 26 Started
Exploring step 0
Exploring step 1
Exploring step 2
Exploring step 3
Exploring step 4
Exploring step 5
Exploring step 6
[[0. 0. 0. 0.]
 [0. 0. 0. 0.]
 [0. 0. 0. 0.]
 [0. 0. 0. 0.]
 [0. 0. 0. 0.]
 [0. 0. 0. 0.]
 [0. 0. 0. 0.]
 [0. 0. 0. 0.]
 [0. 0. 0. 0.]
 [0. 0. 0. 0.]
 [0. 0. 0. 0.]
 [0. 0. 0. 0.]
 [0. 0. 0. 0.]
 [0. 0. 0. 0.]
 [0. 0. 0. 0.]
 [0. 0. 0. 0.]]
Episode 27 Started
Exploring step 0
Exploring step 1
Exploring step 2
Exploring step 3
Exploring step 4
Exploring step 5
Exploring step 6
Exploring step 7
Exploring step 8
Exploring step 9
Exploring step 10
Exploring step 11
Exploring step 12
Exploring step 13
[[0. 0. 0. 0.]
 [0. 0. 0. 0.]
 [0. 0. 0. 0.]
 [0. 0. 0. 0.]
 [0. 0. 0. 0.]
 [0. 0. 0. 0.]
 [0. 0. 0. 0.]
 [0. 0. 0. 0.]
 [0. 0. 0. 0.]
 [0. 0. 0. 0.]
 [0. 0. 0. 0.]
 [0. 0. 0. 0.]
 [0. 0. 0. 0.]
 [0. 0. 0. 0.]
 [0. 0. 0. 0.]
 [0. 0. 0. 0.]]
Episode 28 Started
Exploring step 0
Exploring step 1
Exploring step 2
Exploring step 3
Exploring step 4
Exploring step 5
Exploring step 6
Exploring step 7
Exploring step 8
Exploring step 9
Exploring step 10
Exploring step 11
[[0. 0. 0. 0.]
 [0. 0. 0. 0.]
 [0. 0. 0. 0.]
 [0. 0. 0. 0.]
 [0. 0. 0. 0.]
 [0. 0. 0. 0.]
 [0. 0. 0. 0.]
 [0. 0. 0. 0.]
 [0. 0. 0. 0.]
 [0. 0. 0. 0.]
 [0. 0. 0. 0.]
 [0. 0. 0. 0.]
 [0. 0. 0. 0.]
 [0. 0. 0. 0.]
 [0. 0. 0. 0.]
 [0. 0. 0. 0.]]
Episode 29 Started
Exploring step 0
Exploring step 1
Exploring step 2
Exploring step 3
Exploring step 4
Exploring step 5
Exploring step 6
[[0. 0. 0. 0.]
 [0. 0. 0. 0.]
 [0. 0. 0. 0.]
 [0. 0. 0. 0.]
 [0. 0. 0. 0.]
 [0. 0. 0. 0.]
 [0. 0. 0. 0.]
 [0. 0. 0. 0.]
 [0. 0. 0. 0.]
 [0. 0. 0. 0.]
 [0. 0. 0. 0.]
 [0. 0. 0. 0.]
 [0. 0. 0. 0.]
 [0. 0. 0. 0.]
 [0. 0. 0. 0.]
 [0. 0. 0. 0.]]
Episode 30 Started
Exploring step 0
Exploring step 1
[[0. 0. 0. 0.]
 [0. 0. 0. 0.]
 [0. 0. 0. 0.]
 [0. 0. 0. 0.]
 [0. 0. 0. 0.]
 [0. 0. 0. 0.]
 [0. 0. 0. 0.]
 [0. 0. 0. 0.]
 [0. 0. 0. 0.]
 [0. 0. 0. 0.]
 [0. 0. 0. 0.]
 [0. 0. 0. 0.]
 [0. 0. 0. 0.]
 [0. 0. 0. 0.]
 [0. 0. 0. 0.]
 [0. 0. 0. 0.]]
Episode 31 Started
Exploring step 0
Exploring step 1
Exploring step 2
[[0. 0. 0. 0.]
 [0. 0. 0. 0.]
 [0. 0. 0. 0.]
 [0. 0. 0. 0.]
 [0. 0. 0. 0.]
 [0. 0. 0. 0.]
 [0. 0. 0. 0.]
 [0. 0. 0. 0.]
 [0. 0. 0. 0.]
 [0. 0. 0. 0.]
 [0. 0. 0. 0.]
 [0. 0. 0. 0.]
 [0. 0. 0. 0.]
 [0. 0. 0. 0.]
 [0. 0. 0. 0.]
 [0. 0. 0. 0.]]
Episode 32 Started
Exploring step 0
Exploring step 1
Exploring step 2
Exploring step 3
Exploring step 4
[[0. 0. 0. 0.]
 [0. 0. 0. 0.]
 [0. 0. 0. 0.]
 [0. 0. 0. 0.]
 [0. 0. 0. 0.]
 [0. 0. 0. 0.]
 [0. 0. 0. 0.]
 [0. 0. 0. 0.]
 [0. 0. 0. 0.]
 [0. 0. 0. 0.]
 [0. 0. 0. 0.]
 [0. 0. 0. 0.]
 [0. 0. 0. 0.]
 [0. 0. 0. 0.]
 [0. 0. 0. 0.]
 [0. 0. 0. 0.]]
Episode 33 Started
Exploring step 0
Exploring step 1
Exploring step 2
Exploring step 3
Exploring step 4
[[0. 0. 0. 0.]
 [0. 0. 0. 0.]
 [0. 0. 0. 0.]
 [0. 0. 0. 0.]
 [0. 0. 0. 0.]
 [0. 0. 0. 0.]
 [0. 0. 0. 0.]
 [0. 0. 0. 0.]
 [0. 0. 0. 0.]
 [0. 0. 0. 0.]
 [0. 0. 0. 0.]
 [0. 0. 0. 0.]
 [0. 0. 0. 0.]
 [0. 0. 0. 0.]
 [0. 0. 0. 0.]
 [0. 0. 0. 0.]]
Episode 34 Started
Exploring step 0
Exploring step 1
Exploring step 2
Exploring step 3
Exploring step 4
Exploring step 5
Exploring step 6
Exploring step 7
Exploring step 8
Exploring step 9
Exploring step 10
Exploring step 11
Exploring step 12
[[0. 0. 0. 0.]
 [0. 0. 0. 0.]
 [0. 0. 0. 0.]
 [0. 0. 0. 0.]
 [0. 0. 0. 0.]
 [0. 0. 0. 0.]
 [0. 0. 0. 0.]
 [0. 0. 0. 0.]
 [0. 0. 0. 0.]
 [0. 0. 0. 0.]
 [0. 0. 0. 0.]
 [0. 0. 0. 0.]
 [0. 0. 0. 0.]
 [0. 0. 0. 0.]
 [0. 0. 0. 0.]
 [0. 0. 0. 0.]]
Episode 35 Started
Exploring step 0
Exploring step 1
[[0. 0. 0. 0.]
 [0. 0. 0. 0.]
 [0. 0. 0. 0.]
 [0. 0. 0. 0.]
 [0. 0. 0. 0.]
 [0. 0. 0. 0.]
 [0. 0. 0. 0.]
 [0. 0. 0. 0.]
 [0. 0. 0. 0.]
 [0. 0. 0. 0.]
 [0. 0. 0. 0.]
 [0. 0. 0. 0.]
 [0. 0. 0. 0.]
 [0. 0. 0. 0.]
 [0. 0. 0. 0.]
 [0. 0. 0. 0.]]
Episode 36 Started
Exploring step 0
Exploring step 1
Exploring step 2
Exploring step 3
Exploring step 4
Exploring step 5
Exploring step 6
Exploring step 7
Exploring step 8
Exploring step 9
Exploring step 10
Exploring step 11
[[0. 0. 0. 0.]
 [0. 0. 0. 0.]
 [0. 0. 0. 0.]
 [0. 0. 0. 0.]
 [0. 0. 0. 0.]
 [0. 0. 0. 0.]
 [0. 0. 0. 0.]
 [0. 0. 0. 0.]
 [0. 0. 0. 0.]
 [0. 0. 0. 0.]
 [0. 0. 0. 0.]
 [0. 0. 0. 0.]
 [0. 0. 0. 0.]
 [0. 0. 0. 0.]
 [0. 0. 0. 0.]
 [0. 0. 0. 0.]]
Episode 37 Started
Exploring step 0
Exploring step 1
Exploring step 2
Exploring step 3
Exploring step 4
Exploring step 5
Exploring step 6
Exploring step 7
Exploring step 8
[[0. 0. 0. 0.]
 [0. 0. 0. 0.]
 [0. 0. 0. 0.]
 [0. 0. 0. 0.]
 [0. 0. 0. 0.]
 [0. 0. 0. 0.]
 [0. 0. 0. 0.]
 [0. 0. 0. 0.]
 [0. 0. 0. 0.]
 [0. 0. 0. 0.]
 [0. 0. 0. 0.]
 [0. 0. 0. 0.]
 [0. 0. 0. 0.]
 [0. 0. 0. 0.]
 [0. 0. 0. 0.]
 [0. 0. 0. 0.]]
Episode 38 Started
Exploring step 0
Exploring step 1
Exploring step 2
Exploring step 3
Exploring step 4
Exploring step 5
Exploring step 6
Exploring step 7
Exploring step 8
[[0. 0. 0. 0.]
 [0. 0. 0. 0.]
 [0. 0. 0. 0.]
 [0. 0. 0. 0.]
 [0. 0. 0. 0.]
 [0. 0. 0. 0.]
 [0. 0. 0. 0.]
 [0. 0. 0. 0.]
 [0. 0. 0. 0.]
 [0. 0. 0. 0.]
 [0. 0. 0. 0.]
 [0. 0. 0. 0.]
 [0. 0. 0. 0.]
 [0. 0. 0. 0.]
 [0. 0. 0. 0.]
 [0. 0. 0. 0.]]
Episode 39 Started
Exploring step 0
Exploring step 1
Exploring step 2
Exploring step 3
Exploring step 4
Exploring step 5
Exploring step 6
Exploring step 7
Exploring step 8
Exploring step 9
Exploring step 10
Exploring step 11
Exploring step 12
Exploring step 13
Exploring step 14
Exploring step 15
[[0. 0. 0. 0.]
 [0. 0. 0. 0.]
 [0. 0. 0. 0.]
 [0. 0. 0. 0.]
 [0. 0. 0. 0.]
 [0. 0. 0. 0.]
 [0. 0. 0. 0.]
 [0. 0. 0. 0.]
 [0. 0. 0. 0.]
 [0. 0. 0. 0.]
 [0. 0. 0. 0.]
 [0. 0. 0. 0.]
 [0. 0. 0. 0.]
 [0. 0. 0. 0.]
 [0. 0. 0. 0.]
 [0. 0. 0. 0.]]
Episode 40 Started
Exploring step 0
Exploring step 1
Exploring step 2
Exploring step 3
Exploring step 4
Exploring step 5
Exploring step 6
Exploring step 7
[[0. 0. 0. 0.]
 [0. 0. 0. 0.]
 [0. 0. 0. 0.]
 [0. 0. 0. 0.]
 [0. 0. 0. 0.]
 [0. 0. 0. 0.]
 [0. 0. 0. 0.]
 [0. 0. 0. 0.]
 [0. 0. 0. 0.]
 [0. 0. 0. 0.]
 [0. 0. 0. 0.]
 [0. 0. 0. 0.]
 [0. 0. 0. 0.]
 [0. 0. 0. 0.]
 [0. 0. 0. 0.]
 [0. 0. 0. 0.]]
Episode 41 Started
Exploring step 0
Exploring step 1
Exploring step 2
Exploring step 3
Exploring step 4
Exploring step 5
Exploring step 6
Exploring step 7
Exploring step 8
Exploring step 9
Exploring step 10
Exploring step 11
Exploring step 12
[[0. 0. 0. 0.]
 [0. 0. 0. 0.]
 [0. 0. 0. 0.]
 [0. 0. 0. 0.]
 [0. 0. 0. 0.]
 [0. 0. 0. 0.]
 [0. 0. 0. 0.]
 [0. 0. 0. 0.]
 [0. 0. 0. 0.]
 [0. 0. 0. 0.]
 [0. 0. 0. 0.]
 [0. 0. 0. 0.]
 [0. 0. 0. 0.]
 [0. 0. 0. 0.]
 [0. 0. 0. 0.]
 [0. 0. 0. 0.]]
Episode 42 Started
Exploring step 0
Exploring step 1
Exploring step 2
[[0. 0. 0. 0.]
 [0. 0. 0. 0.]
 [0. 0. 0. 0.]
 [0. 0. 0. 0.]
 [0. 0. 0. 0.]
 [0. 0. 0. 0.]
 [0. 0. 0. 0.]
 [0. 0. 0. 0.]
 [0. 0. 0. 0.]
 [0. 0. 0. 0.]
 [0. 0. 0. 0.]
 [0. 0. 0. 0.]
 [0. 0. 0. 0.]
 [0. 0. 0. 0.]
 [0. 0. 0. 0.]
 [0. 0. 0. 0.]]
Episode 43 Started
Exploring step 0
Exploring step 1
Exploring step 2
Exploring step 3
Exploring step 4
Exploring step 5
[[0. 0. 0. 0.]
 [0. 0. 0. 0.]
 [0. 0. 0. 0.]
 [0. 0. 0. 0.]
 [0. 0. 0. 0.]
 [0. 0. 0. 0.]
 [0. 0. 0. 0.]
 [0. 0. 0. 0.]
 [0. 0. 0. 0.]
 [0. 0. 0. 0.]
 [0. 0. 0. 0.]
 [0. 0. 0. 0.]
 [0. 0. 0. 0.]
 [0. 0. 0. 0.]
 [0. 0. 0. 0.]
 [0. 0. 0. 0.]]
Episode 44 Started
Exploring step 0
Exploring step 1
Exploring step 2
Exploring step 3
[[0. 0. 0. 0.]
 [0. 0. 0. 0.]
 [0. 0. 0. 0.]
 [0. 0. 0. 0.]
 [0. 0. 0. 0.]
 [0. 0. 0. 0.]
 [0. 0. 0. 0.]
 [0. 0. 0. 0.]
 [0. 0. 0. 0.]
 [0. 0. 0. 0.]
 [0. 0. 0. 0.]
 [0. 0. 0. 0.]
 [0. 0. 0. 0.]
 [0. 0. 0. 0.]
 [0. 0. 0. 0.]
 [0. 0. 0. 0.]]
Episode 45 Started
Exploring step 0
Exploring step 1
Exploring step 2
Exploring step 3
Exploring step 4
Exploring step 5
Exploring step 6
Exploring step 7
Exploring step 8
[[0. 0. 0. 0.]
 [0. 0. 0. 0.]
 [0. 0. 0. 0.]
 [0. 0. 0. 0.]
 [0. 0. 0. 0.]
 [0. 0. 0. 0.]
 [0. 0. 0. 0.]
 [0. 0. 0. 0.]
 [0. 0. 0. 0.]
 [0. 0. 0. 0.]
 [0. 0. 0. 0.]
 [0. 0. 0. 0.]
 [0. 0. 0. 0.]
 [0. 0. 0. 0.]
 [0. 0. 0. 0.]
 [0. 0. 0. 0.]]
Episode 46 Started
Exploring step 0
Exploring step 1
Exploring step 2
Exploring step 3
Exploring step 4
Exploring step 5
[[0. 0. 0. 0.]
 [0. 0. 0. 0.]
 [0. 0. 0. 0.]
 [0. 0. 0. 0.]
 [0. 0. 0. 0.]
 [0. 0. 0. 0.]
 [0. 0. 0. 0.]
 [0. 0. 0. 0.]
 [0. 0. 0. 0.]
 [0. 0. 0. 0.]
 [0. 0. 0. 0.]
 [0. 0. 0. 0.]
 [0. 0. 0. 0.]
 [0. 0. 0. 0.]
 [0. 0. 0. 0.]
 [0. 0. 0. 0.]]
Episode 47 Started
Exploring step 0
Exploring step 1
Exploring step 2
Exploring step 3
Exploring step 4
Exploring step 5
Exploring step 6
Exploring step 7
Exploring step 8
Exploring step 9
Exploring step 10
Exploring step 11
Exploring step 12
Press Enter to continue...
[[0.  0.  0.  0. ]
 [0.  0.  0.  0. ]
 [0.  0.  0.  0. ]
 [0.  0.  0.  0. ]
 [0.  0.  0.  0. ]
 [0.  0.  0.  0. ]
 [0.  0.  0.  0. ]
 [0.  0.  0.  0. ]
 [0.  0.  0.  0. ]
 [0.  0.  0.  0. ]
 [0.  0.  0.  0. ]
 [0.  0.  0.  0. ]
 [0.  0.  0.  0. ]
 [0.  0.  0.  0. ]
 [0.  0.  0.1 0. ]
 [0.  0.  0.  0. ]]
Episode 48 Started
Exploring step 0
Exploring step 1
Exploring step 2
Exploring step 3
[[0.  0.  0.  0. ]
 [0.  0.  0.  0. ]
 [0.  0.  0.  0. ]
 [0.  0.  0.  0. ]
 [0.  0.  0.  0. ]
 [0.  0.  0.  0. ]
 [0.  0.  0.  0. ]
 [0.  0.  0.  0. ]
 [0.  0.  0.  0. ]
 [0.  0.  0.  0. ]
 [0.  0.  0.  0. ]
 [0.  0.  0.  0. ]
 [0.  0.  0.  0. ]
 [0.  0.  0.  0. ]
 [0.  0.  0.1 0. ]
 [0.  0.  0.  0. ]]
Episode 49 Started
Exploring step 0
Exploring step 1
Exploring step 2
Exploring step 3
Exploring step 4
Exploring step 5
Exploring step 6
Exploring step 7
Exploring step 8
Exploring step 9
Exploring step 10
Exploring step 11
Exploring step 12
Exploring step 13
Exploring step 14
Exploring step 15
Exploring step 16
Exploring step 17
Exploring step 18
Exploring step 19
Exploring step 20
Exploring step 21
Exploring step 22
Exploring step 23
Exploring step 24
Exploring step 25
Exploring step 26
Exploring step 27
[[0.  0.  0.  0. ]
 [0.  0.  0.  0. ]
 [0.  0.  0.  0. ]
 [0.  0.  0.  0. ]
 [0.  0.  0.  0. ]
 [0.  0.  0.  0. ]
 [0.  0.  0.  0. ]
 [0.  0.  0.  0. ]
 [0.  0.  0.  0. ]
 [0.  0.  0.  0. ]
 [0.  0.  0.  0. ]
 [0.  0.  0.  0. ]
 [0.  0.  0.  0. ]
 [0.  0.  0.  0. ]
 [0.  0.  0.1 0. ]
 [0.  0.  0.  0. ]]
Episode 50 Started
Exploring step 0
Exploring step 1
Exploring step 2
Exploring step 3
Exploring step 4
Exploring step 5
Exploring step 6
Exploring step 7
[[0.  0.  0.  0. ]
 [0.  0.  0.  0. ]
 [0.  0.  0.  0. ]
 [0.  0.  0.  0. ]
 [0.  0.  0.  0. ]
 [0.  0.  0.  0. ]
 [0.  0.  0.  0. ]
 [0.  0.  0.  0. ]
 [0.  0.  0.  0. ]
 [0.  0.  0.  0. ]
 [0.  0.  0.  0. ]
 [0.  0.  0.  0. ]
 [0.  0.  0.  0. ]
 [0.  0.  0.  0. ]
 [0.  0.  0.1 0. ]
 [0.  0.  0.  0. ]]
Episode 51 Started
Exploring step 0
Exploring step 1
Exploring step 2
Exploring step 3
Exploring step 4
Exploring step 5
Exploring step 6
Exploring step 7
Exploring step 8
Exploring step 9
Exploring step 10
Exploring step 11
Exploring step 12
Exploring step 13
Exploring step 14
[[0.  0.  0.  0. ]
 [0.  0.  0.  0. ]
 [0.  0.  0.  0. ]
 [0.  0.  0.  0. ]
 [0.  0.  0.  0. ]
 [0.  0.  0.  0. ]
 [0.  0.  0.  0. ]
 [0.  0.  0.  0. ]
 [0.  0.  0.  0. ]
 [0.  0.  0.  0. ]
 [0.  0.  0.  0. ]
 [0.  0.  0.  0. ]
 [0.  0.  0.  0. ]
 [0.  0.  0.  0. ]
 [0.  0.  0.1 0. ]
 [0.  0.  0.  0. ]]
Episode 52 Started
Exploring step 0
Exploring step 1
Exploring step 2
[[0.  0.  0.  0. ]
 [0.  0.  0.  0. ]
 [0.  0.  0.  0. ]
 [0.  0.  0.  0. ]
 [0.  0.  0.  0. ]
 [0.  0.  0.  0. ]
 [0.  0.  0.  0. ]
 [0.  0.  0.  0. ]
 [0.  0.  0.  0. ]
 [0.  0.  0.  0. ]
 [0.  0.  0.  0. ]
 [0.  0.  0.  0. ]
 [0.  0.  0.  0. ]
 [0.  0.  0.  0. ]
 [0.  0.  0.1 0. ]
 [0.  0.  0.  0. ]]
Episode 53 Started
Exploring step 0
Exploring step 1
Exploring step 2
Exploring step 3
Exploring step 4
Exploring step 5
Exploring step 6
Exploring step 7
Exploring step 8
Exploring step 9
Exploring step 10
Exploring step 11
[[0.  0.  0.  0. ]
 [0.  0.  0.  0. ]
 [0.  0.  0.  0. ]
 [0.  0.  0.  0. ]
 [0.  0.  0.  0. ]
 [0.  0.  0.  0. ]
 [0.  0.  0.  0. ]
 [0.  0.  0.  0. ]
 [0.  0.  0.  0. ]
 [0.  0.  0.  0. ]
 [0.  0.  0.  0. ]
 [0.  0.  0.  0. ]
 [0.  0.  0.  0. ]
 [0.  0.  0.  0. ]
 [0.  0.  0.1 0. ]
 [0.  0.  0.  0. ]]
Episode 54 Started
Exploring step 0
Exploring step 1
Exploring step 2
Exploring step 3
Exploring step 4
Exploring step 5
Exploring step 6
Exploring step 7
[[0.  0.  0.  0. ]
 [0.  0.  0.  0. ]
 [0.  0.  0.  0. ]
 [0.  0.  0.  0. ]
 [0.  0.  0.  0. ]
 [0.  0.  0.  0. ]
 [0.  0.  0.  0. ]
 [0.  0.  0.  0. ]
 [0.  0.  0.  0. ]
 [0.  0.  0.  0. ]
 [0.  0.  0.  0. ]
 [0.  0.  0.  0. ]
 [0.  0.  0.  0. ]
 [0.  0.  0.  0. ]
 [0.  0.  0.1 0. ]
 [0.  0.  0.  0. ]]
Episode 55 Started
Exploring step 0
Exploring step 1
Exploring step 2
Exploring step 3
Exploring step 4
Exploring step 5
Exploring step 6
[[0.  0.  0.  0. ]
 [0.  0.  0.  0. ]
 [0.  0.  0.  0. ]
 [0.  0.  0.  0. ]
 [0.  0.  0.  0. ]
 [0.  0.  0.  0. ]
 [0.  0.  0.  0. ]
 [0.  0.  0.  0. ]
 [0.  0.  0.  0. ]
 [0.  0.  0.  0. ]
 [0.  0.  0.  0. ]
 [0.  0.  0.  0. ]
 [0.  0.  0.  0. ]
 [0.  0.  0.  0. ]
 [0.  0.  0.1 0. ]
 [0.  0.  0.  0. ]]
Episode 56 Started
Exploring step 0
Exploring step 1
Exploring step 2
Exploring step 3
Exploring step 4
Exploring step 5
Exploring step 6
[[0.  0.  0.  0. ]
 [0.  0.  0.  0. ]
 [0.  0.  0.  0. ]
 [0.  0.  0.  0. ]
 [0.  0.  0.  0. ]
 [0.  0.  0.  0. ]
 [0.  0.  0.  0. ]
 [0.  0.  0.  0. ]
 [0.  0.  0.  0. ]
 [0.  0.  0.  0. ]
 [0.  0.  0.  0. ]
 [0.  0.  0.  0. ]
 [0.  0.  0.  0. ]
 [0.  0.  0.  0. ]
 [0.  0.  0.1 0. ]
 [0.  0.  0.  0. ]]
Episode 57 Started
Exploring step 0
Exploring step 1
Exploring step 2
[[0.  0.  0.  0. ]
 [0.  0.  0.  0. ]
 [0.  0.  0.  0. ]
 [0.  0.  0.  0. ]
 [0.  0.  0.  0. ]
 [0.  0.  0.  0. ]
 [0.  0.  0.  0. ]
 [0.  0.  0.  0. ]
 [0.  0.  0.  0. ]
 [0.  0.  0.  0. ]
 [0.  0.  0.  0. ]
 [0.  0.  0.  0. ]
 [0.  0.  0.  0. ]
 [0.  0.  0.  0. ]
 [0.  0.  0.1 0. ]
 [0.  0.  0.  0. ]]
Episode 58 Started
Exploring step 0
Exploring step 1
Exploring step 2
[[0.  0.  0.  0. ]
 [0.  0.  0.  0. ]
 [0.  0.  0.  0. ]
 [0.  0.  0.  0. ]
 [0.  0.  0.  0. ]
 [0.  0.  0.  0. ]
 [0.  0.  0.  0. ]
 [0.  0.  0.  0. ]
 [0.  0.  0.  0. ]
 [0.  0.  0.  0. ]
 [0.  0.  0.  0. ]
 [0.  0.  0.  0. ]
 [0.  0.  0.  0. ]
 [0.  0.  0.  0. ]
 [0.  0.  0.1 0. ]
 [0.  0.  0.  0. ]]
Episode 59 Started
Exploring step 0
Exploring step 1
Exploring step 2
Exploring step 3
Exploring step 4
Exploring step 5
Exploring step 6
Exploring step 7
Exploring step 8
Exploring step 9
Exploring step 10
Exploring step 11
Exploring step 12
Exploring step 13
Exploring step 14
[[0.  0.  0.  0. ]
 [0.  0.  0.  0. ]
 [0.  0.  0.  0. ]
 [0.  0.  0.  0. ]
 [0.  0.  0.  0. ]
 [0.  0.  0.  0. ]
 [0.  0.  0.  0. ]
 [0.  0.  0.  0. ]
 [0.  0.  0.  0. ]
 [0.  0.  0.  0. ]
 [0.  0.  0.  0. ]
 [0.  0.  0.  0. ]
 [0.  0.  0.  0. ]
 [0.  0.  0.  0. ]
 [0.  0.  0.1 0. ]
 [0.  0.  0.  0. ]]
Episode 60 Started
Exploring step 0
Exploring step 1
Exploring step 2
Exploring step 3
Exploring step 4
[[0.  0.  0.  0. ]
 [0.  0.  0.  0. ]
 [0.  0.  0.  0. ]
 [0.  0.  0.  0. ]
 [0.  0.  0.  0. ]
 [0.  0.  0.  0. ]
 [0.  0.  0.  0. ]
 [0.  0.  0.  0. ]
 [0.  0.  0.  0. ]
 [0.  0.  0.  0. ]
 [0.  0.  0.  0. ]
 [0.  0.  0.  0. ]
 [0.  0.  0.  0. ]
 [0.  0.  0.  0. ]
 [0.  0.  0.1 0. ]
 [0.  0.  0.  0. ]]
Episode 61 Started
Exploring step 0
Exploring step 1
Exploring step 2
[[0.  0.  0.  0. ]
 [0.  0.  0.  0. ]
 [0.  0.  0.  0. ]
 [0.  0.  0.  0. ]
 [0.  0.  0.  0. ]
 [0.  0.  0.  0. ]
 [0.  0.  0.  0. ]
 [0.  0.  0.  0. ]
 [0.  0.  0.  0. ]
 [0.  0.  0.  0. ]
 [0.  0.  0.  0. ]
 [0.  0.  0.  0. ]
 [0.  0.  0.  0. ]
 [0.  0.  0.  0. ]
 [0.  0.  0.1 0. ]
 [0.  0.  0.  0. ]]
Episode 62 Started
Exploring step 0
Exploring step 1
Exploring step 2
Exploring step 3
Exploring step 4
Exploring step 5
Exploring step 6
Exploring step 7
Exploring step 8
Exploring step 9
[[0.  0.  0.  0. ]
 [0.  0.  0.  0. ]
 [0.  0.  0.  0. ]
 [0.  0.  0.  0. ]
 [0.  0.  0.  0. ]
 [0.  0.  0.  0. ]
 [0.  0.  0.  0. ]
 [0.  0.  0.  0. ]
 [0.  0.  0.  0. ]
 [0.  0.  0.  0. ]
 [0.  0.  0.  0. ]
 [0.  0.  0.  0. ]
 [0.  0.  0.  0. ]
 [0.  0.  0.  0. ]
 [0.  0.  0.1 0. ]
 [0.  0.  0.  0. ]]
Episode 63 Started
Exploring step 0
Exploring step 1
[[0.  0.  0.  0. ]
 [0.  0.  0.  0. ]
 [0.  0.  0.  0. ]
 [0.  0.  0.  0. ]
 [0.  0.  0.  0. ]
 [0.  0.  0.  0. ]
 [0.  0.  0.  0. ]
 [0.  0.  0.  0. ]
 [0.  0.  0.  0. ]
 [0.  0.  0.  0. ]
 [0.  0.  0.  0. ]
 [0.  0.  0.  0. ]
 [0.  0.  0.  0. ]
 [0.  0.  0.  0. ]
 [0.  0.  0.1 0. ]
 [0.  0.  0.  0. ]]
Episode 64 Started
Exploring step 0
Exploring step 1
Exploring step 2
Exploring step 3
Exploring step 4
Exploring step 5
[[0.  0.  0.  0. ]
 [0.  0.  0.  0. ]
 [0.  0.  0.  0. ]
 [0.  0.  0.  0. ]
 [0.  0.  0.  0. ]
 [0.  0.  0.  0. ]
 [0.  0.  0.  0. ]
 [0.  0.  0.  0. ]
 [0.  0.  0.  0. ]
 [0.  0.  0.  0. ]
 [0.  0.  0.  0. ]
 [0.  0.  0.  0. ]
 [0.  0.  0.  0. ]
 [0.  0.  0.  0. ]
 [0.  0.  0.1 0. ]
 [0.  0.  0.  0. ]]
Episode 65 Started
Exploring step 0
Exploring step 1
Exploring step 2
Exploring step 3
Exploring step 4
Exploring step 5
Exploring step 6
Exploring step 7
Exploring step 8
Exploring step 9
Exploring step 10
Exploring step 11
Exploring step 12
Exploring step 13
Exploring step 14
[[0.  0.  0.  0. ]
 [0.  0.  0.  0. ]
 [0.  0.  0.  0. ]
 [0.  0.  0.  0. ]
 [0.  0.  0.  0. ]
 [0.  0.  0.  0. ]
 [0.  0.  0.  0. ]
 [0.  0.  0.  0. ]
 [0.  0.  0.  0. ]
 [0.  0.  0.  0. ]
 [0.  0.  0.  0. ]
 [0.  0.  0.  0. ]
 [0.  0.  0.  0. ]
 [0.  0.  0.  0. ]
 [0.  0.  0.1 0. ]
 [0.  0.  0.  0. ]]
Episode 66 Started
Exploring step 0
Exploring step 1
[[0.  0.  0.  0. ]
 [0.  0.  0.  0. ]
 [0.  0.  0.  0. ]
 [0.  0.  0.  0. ]
 [0.  0.  0.  0. ]
 [0.  0.  0.  0. ]
 [0.  0.  0.  0. ]
 [0.  0.  0.  0. ]
 [0.  0.  0.  0. ]
 [0.  0.  0.  0. ]
 [0.  0.  0.  0. ]
 [0.  0.  0.  0. ]
 [0.  0.  0.  0. ]
 [0.  0.  0.  0. ]
 [0.  0.  0.1 0. ]
 [0.  0.  0.  0. ]]
Episode 67 Started
Exploring step 0
Exploring step 1
Exploring step 2
Exploring step 3
Exploring step 4
Exploring step 5
Exploring step 6
Exploring step 7
Exploring step 8
Exploring step 9
Exploring step 10
Exploring step 11
Exploring step 12
Exploring step 13
Exploring step 14
Exploring step 15
Exploring step 16
Exploring step 17
Exploring step 18
Exploring step 19
Exploring step 20
Exploring step 21
Exploring step 22
Exploring step 23
Exploring step 24
[[0.  0.  0.  0. ]
 [0.  0.  0.  0. ]
 [0.  0.  0.  0. ]
 [0.  0.  0.  0. ]
 [0.  0.  0.  0. ]
 [0.  0.  0.  0. ]
 [0.  0.  0.  0. ]
 [0.  0.  0.  0. ]
 [0.  0.  0.  0. ]
 [0.  0.  0.  0. ]
 [0.  0.  0.  0. ]
 [0.  0.  0.  0. ]
 [0.  0.  0.  0. ]
 [0.  0.  0.  0. ]
 [0.  0.  0.1 0. ]
 [0.  0.  0.  0. ]]
Episode 68 Started
Exploring step 0
Exploring step 1
Exploring step 2
Exploring step 3
Exploring step 4
Exploring step 5
Exploring step 6
Exploring step 7
Exploring step 8
Exploring step 9
Exploring step 10
Exploring step 11
Exploring step 12
Exploring step 13
Exploring step 14
Exploring step 15
Exploring step 16
Exploring step 17
Exploring step 18
Exploring step 19
Exploring step 20
Exploring step 21
[[0.  0.  0.  0. ]
 [0.  0.  0.  0. ]
 [0.  0.  0.  0. ]
 [0.  0.  0.  0. ]
 [0.  0.  0.  0. ]
 [0.  0.  0.  0. ]
 [0.  0.  0.  0. ]
 [0.  0.  0.  0. ]
 [0.  0.  0.  0. ]
 [0.  0.  0.  0. ]
 [0.  0.  0.  0. ]
 [0.  0.  0.  0. ]
 [0.  0.  0.  0. ]
 [0.  0.  0.  0. ]
 [0.  0.  0.1 0. ]
 [0.  0.  0.  0. ]]
Episode 69 Started
Exploring step 0
Exploring step 1
Exploring step 2
[[0.  0.  0.  0. ]
 [0.  0.  0.  0. ]
 [0.  0.  0.  0. ]
 [0.  0.  0.  0. ]
 [0.  0.  0.  0. ]
 [0.  0.  0.  0. ]
 [0.  0.  0.  0. ]
 [0.  0.  0.  0. ]
 [0.  0.  0.  0. ]
 [0.  0.  0.  0. ]
 [0.  0.  0.  0. ]
 [0.  0.  0.  0. ]
 [0.  0.  0.  0. ]
 [0.  0.  0.  0. ]
 [0.  0.  0.1 0. ]
 [0.  0.  0.  0. ]]
Episode 70 Started
Exploring step 0
Exploring step 1
Exploring step 2
Exploring step 3
Exploring step 4
Exploring step 5
Exploring step 6
Exploring step 7
Exploring step 8
Exploring step 9
Exploring step 10
Exploring step 11
Exploring step 12
Exploring step 13
Exploring step 14
Exploring step 15
Exploring step 16
Exploring step 17
Exploring step 18
Exploring step 19
Exploring step 20
[[0.  0.  0.  0. ]
 [0.  0.  0.  0. ]
 [0.  0.  0.  0. ]
 [0.  0.  0.  0. ]
 [0.  0.  0.  0. ]
 [0.  0.  0.  0. ]
 [0.  0.  0.  0. ]
 [0.  0.  0.  0. ]
 [0.  0.  0.  0. ]
 [0.  0.  0.  0. ]
 [0.  0.  0.  0. ]
 [0.  0.  0.  0. ]
 [0.  0.  0.  0. ]
 [0.  0.  0.  0. ]
 [0.  0.  0.1 0. ]
 [0.  0.  0.  0. ]]
Episode 71 Started
Exploring step 0
Exploring step 1
[[0.  0.  0.  0. ]
 [0.  0.  0.  0. ]
 [0.  0.  0.  0. ]
 [0.  0.  0.  0. ]
 [0.  0.  0.  0. ]
 [0.  0.  0.  0. ]
 [0.  0.  0.  0. ]
 [0.  0.  0.  0. ]
 [0.  0.  0.  0. ]
 [0.  0.  0.  0. ]
 [0.  0.  0.  0. ]
 [0.  0.  0.  0. ]
 [0.  0.  0.  0. ]
 [0.  0.  0.  0. ]
 [0.  0.  0.1 0. ]
 [0.  0.  0.  0. ]]
Episode 72 Started
Exploring step 0
Exploring step 1
[[0.  0.  0.  0. ]
 [0.  0.  0.  0. ]
 [0.  0.  0.  0. ]
 [0.  0.  0.  0. ]
 [0.  0.  0.  0. ]
 [0.  0.  0.  0. ]
 [0.  0.  0.  0. ]
 [0.  0.  0.  0. ]
 [0.  0.  0.  0. ]
 [0.  0.  0.  0. ]
 [0.  0.  0.  0. ]
 [0.  0.  0.  0. ]
 [0.  0.  0.  0. ]
 [0.  0.  0.  0. ]
 [0.  0.  0.1 0. ]
 [0.  0.  0.  0. ]]
Episode 73 Started
Exploring step 0
Exploring step 1
Exploring step 2
Exploring step 3
Exploring step 4
Exploring step 5
Exploring step 6
Exploring step 7
Exploring step 8
[[0.  0.  0.  0. ]
 [0.  0.  0.  0. ]
 [0.  0.  0.  0. ]
 [0.  0.  0.  0. ]
 [0.  0.  0.  0. ]
 [0.  0.  0.  0. ]
 [0.  0.  0.  0. ]
 [0.  0.  0.  0. ]
 [0.  0.  0.  0. ]
 [0.  0.  0.  0. ]
 [0.  0.  0.  0. ]
 [0.  0.  0.  0. ]
 [0.  0.  0.  0. ]
 [0.  0.  0.  0. ]
 [0.  0.  0.1 0. ]
 [0.  0.  0.  0. ]]
Episode 74 Started
Exploring step 0
Exploring step 1
Exploring step 2
Exploring step 3
Exploring step 4
Exploring step 5
Exploring step 6
Exploring step 7
Exploring step 8
Exploring step 9
Exploring step 10
Exploring step 11
Exploring step 12
Exploring step 13
Exploring step 14
[[0.  0.  0.  0. ]
 [0.  0.  0.  0. ]
 [0.  0.  0.  0. ]
 [0.  0.  0.  0. ]
 [0.  0.  0.  0. ]
 [0.  0.  0.  0. ]
 [0.  0.  0.  0. ]
 [0.  0.  0.  0. ]
 [0.  0.  0.  0. ]
 [0.  0.  0.  0. ]
 [0.  0.  0.  0. ]
 [0.  0.  0.  0. ]
 [0.  0.  0.  0. ]
 [0.  0.  0.  0. ]
 [0.  0.  0.1 0. ]
 [0.  0.  0.  0. ]]
Episode 75 Started
Exploring step 0
Exploring step 1
Exploring step 2
Exploring step 3
[[0.  0.  0.  0. ]
 [0.  0.  0.  0. ]
 [0.  0.  0.  0. ]
 [0.  0.  0.  0. ]
 [0.  0.  0.  0. ]
 [0.  0.  0.  0. ]
 [0.  0.  0.  0. ]
 [0.  0.  0.  0. ]
 [0.  0.  0.  0. ]
 [0.  0.  0.  0. ]
 [0.  0.  0.  0. ]
 [0.  0.  0.  0. ]
 [0.  0.  0.  0. ]
 [0.  0.  0.  0. ]
 [0.  0.  0.1 0. ]
 [0.  0.  0.  0. ]]
Episode 76 Started
Exploring step 0
Exploring step 1
Exploring step 2
Exploring step 3
Exploring step 4
Exploring step 5
Exploring step 6
Exploring step 7
Exploring step 8
Exploring step 9
Exploring step 10
Exploring step 11
Exploring step 12
Exploring step 13
Exploring step 14
Exploring step 15
[[0.  0.  0.  0. ]
 [0.  0.  0.  0. ]
 [0.  0.  0.  0. ]
 [0.  0.  0.  0. ]
 [0.  0.  0.  0. ]
 [0.  0.  0.  0. ]
 [0.  0.  0.  0. ]
 [0.  0.  0.  0. ]
 [0.  0.  0.  0. ]
 [0.  0.  0.  0. ]
 [0.  0.  0.  0. ]
 [0.  0.  0.  0. ]
 [0.  0.  0.  0. ]
 [0.  0.  0.  0. ]
 [0.  0.  0.1 0. ]
 [0.  0.  0.  0. ]]
Episode 77 Started
Exploring step 0
Exploring step 1
Exploring step 2
Exploring step 3
Exploring step 4
Exploring step 5
Exploring step 6
Exploring step 7
[[0.  0.  0.  0. ]
 [0.  0.  0.  0. ]
 [0.  0.  0.  0. ]
 [0.  0.  0.  0. ]
 [0.  0.  0.  0. ]
 [0.  0.  0.  0. ]
 [0.  0.  0.  0. ]
 [0.  0.  0.  0. ]
 [0.  0.  0.  0. ]
 [0.  0.  0.  0. ]
 [0.  0.  0.  0. ]
 [0.  0.  0.  0. ]
 [0.  0.  0.  0. ]
 [0.  0.  0.  0. ]
 [0.  0.  0.1 0. ]
 [0.  0.  0.  0. ]]
Episode 78 Started
Exploring step 0
Exploring step 1
Exploring step 2
Exploring step 3
Exploring step 4
Exploring step 5
Exploring step 6
Exploring step 7
Exploring step 8
[[0.  0.  0.  0. ]
 [0.  0.  0.  0. ]
 [0.  0.  0.  0. ]
 [0.  0.  0.  0. ]
 [0.  0.  0.  0. ]
 [0.  0.  0.  0. ]
 [0.  0.  0.  0. ]
 [0.  0.  0.  0. ]
 [0.  0.  0.  0. ]
 [0.  0.  0.  0. ]
 [0.  0.  0.  0. ]
 [0.  0.  0.  0. ]
 [0.  0.  0.  0. ]
 [0.  0.  0.  0. ]
 [0.  0.  0.1 0. ]
 [0.  0.  0.  0. ]]
Episode 79 Started
Exploring step 0
Exploring step 1
Exploring step 2
Exploring step 3
Exploring step 4
Exploring step 5
Exploring step 6
Exploring step 7
Exploring step 8
[[0.  0.  0.  0. ]
 [0.  0.  0.  0. ]
 [0.  0.  0.  0. ]
 [0.  0.  0.  0. ]
 [0.  0.  0.  0. ]
 [0.  0.  0.  0. ]
 [0.  0.  0.  0. ]
 [0.  0.  0.  0. ]
 [0.  0.  0.  0. ]
 [0.  0.  0.  0. ]
 [0.  0.  0.  0. ]
 [0.  0.  0.  0. ]
 [0.  0.  0.  0. ]
 [0.  0.  0.  0. ]
 [0.  0.  0.1 0. ]
 [0.  0.  0.  0. ]]
Episode 80 Started
Exploring step 0
Exploring step 1
Exploring step 2
[[0.  0.  0.  0. ]
 [0.  0.  0.  0. ]
 [0.  0.  0.  0. ]
 [0.  0.  0.  0. ]
 [0.  0.  0.  0. ]
 [0.  0.  0.  0. ]
 [0.  0.  0.  0. ]
 [0.  0.  0.  0. ]
 [0.  0.  0.  0. ]
 [0.  0.  0.  0. ]
 [0.  0.  0.  0. ]
 [0.  0.  0.  0. ]
 [0.  0.  0.  0. ]
 [0.  0.  0.  0. ]
 [0.  0.  0.1 0. ]
 [0.  0.  0.  0. ]]
Episode 81 Started
Exploring step 0
Exploring step 1
[[0.  0.  0.  0. ]
 [0.  0.  0.  0. ]
 [0.  0.  0.  0. ]
 [0.  0.  0.  0. ]
 [0.  0.  0.  0. ]
 [0.  0.  0.  0. ]
 [0.  0.  0.  0. ]
 [0.  0.  0.  0. ]
 [0.  0.  0.  0. ]
 [0.  0.  0.  0. ]
 [0.  0.  0.  0. ]
 [0.  0.  0.  0. ]
 [0.  0.  0.  0. ]
 [0.  0.  0.  0. ]
 [0.  0.  0.1 0. ]
 [0.  0.  0.  0. ]]
Episode 82 Started
Exploring step 0
Exploring step 1
Exploring step 2
[[0.  0.  0.  0. ]
 [0.  0.  0.  0. ]
 [0.  0.  0.  0. ]
 [0.  0.  0.  0. ]
 [0.  0.  0.  0. ]
 [0.  0.  0.  0. ]
 [0.  0.  0.  0. ]
 [0.  0.  0.  0. ]
 [0.  0.  0.  0. ]
 [0.  0.  0.  0. ]
 [0.  0.  0.  0. ]
 [0.  0.  0.  0. ]
 [0.  0.  0.  0. ]
 [0.  0.  0.  0. ]
 [0.  0.  0.1 0. ]
 [0.  0.  0.  0. ]]
Episode 83 Started
Exploring step 0
Exploring step 1
Exploring step 2
[[0.  0.  0.  0. ]
 [0.  0.  0.  0. ]
 [0.  0.  0.  0. ]
 [0.  0.  0.  0. ]
 [0.  0.  0.  0. ]
 [0.  0.  0.  0. ]
 [0.  0.  0.  0. ]
 [0.  0.  0.  0. ]
 [0.  0.  0.  0. ]
 [0.  0.  0.  0. ]
 [0.  0.  0.  0. ]
 [0.  0.  0.  0. ]
 [0.  0.  0.  0. ]
 [0.  0.  0.  0. ]
 [0.  0.  0.1 0. ]
 [0.  0.  0.  0. ]]
Episode 84 Started
Exploring step 0
Exploring step 1
[[0.  0.  0.  0. ]
 [0.  0.  0.  0. ]
 [0.  0.  0.  0. ]
 [0.  0.  0.  0. ]
 [0.  0.  0.  0. ]
 [0.  0.  0.  0. ]
 [0.  0.  0.  0. ]
 [0.  0.  0.  0. ]
 [0.  0.  0.  0. ]
 [0.  0.  0.  0. ]
 [0.  0.  0.  0. ]
 [0.  0.  0.  0. ]
 [0.  0.  0.  0. ]
 [0.  0.  0.  0. ]
 [0.  0.  0.1 0. ]
 [0.  0.  0.  0. ]]
Episode 85 Started
Exploring step 0
Exploring step 1
Exploring step 2
Exploring step 3
[[0.  0.  0.  0. ]
 [0.  0.  0.  0. ]
 [0.  0.  0.  0. ]
 [0.  0.  0.  0. ]
 [0.  0.  0.  0. ]
 [0.  0.  0.  0. ]
 [0.  0.  0.  0. ]
 [0.  0.  0.  0. ]
 [0.  0.  0.  0. ]
 [0.  0.  0.  0. ]
 [0.  0.  0.  0. ]
 [0.  0.  0.  0. ]
 [0.  0.  0.  0. ]
 [0.  0.  0.  0. ]
 [0.  0.  0.1 0. ]
 [0.  0.  0.  0. ]]
Episode 86 Started
Exploring step 0
Exploring step 1
Exploring step 2
Exploring step 3
Exploring step 4
Exploring step 5
Exploring step 6
[[0.  0.  0.  0. ]
 [0.  0.  0.  0. ]
 [0.  0.  0.  0. ]
 [0.  0.  0.  0. ]
 [0.  0.  0.  0. ]
 [0.  0.  0.  0. ]
 [0.  0.  0.  0. ]
 [0.  0.  0.  0. ]
 [0.  0.  0.  0. ]
 [0.  0.  0.  0. ]
 [0.  0.  0.  0. ]
 [0.  0.  0.  0. ]
 [0.  0.  0.  0. ]
 [0.  0.  0.  0. ]
 [0.  0.  0.1 0. ]
 [0.  0.  0.  0. ]]
Episode 87 Started
Exploring step 0
Exploring step 1
Exploring step 2
Exploring step 3
Exploring step 4
Exploring step 5
Exploring step 6
Exploring step 7
Exploring step 8
Exploring step 9
[[0.  0.  0.  0. ]
 [0.  0.  0.  0. ]
 [0.  0.  0.  0. ]
 [0.  0.  0.  0. ]
 [0.  0.  0.  0. ]
 [0.  0.  0.  0. ]
 [0.  0.  0.  0. ]
 [0.  0.  0.  0. ]
 [0.  0.  0.  0. ]
 [0.  0.  0.  0. ]
 [0.  0.  0.  0. ]
 [0.  0.  0.  0. ]
 [0.  0.  0.  0. ]
 [0.  0.  0.  0. ]
 [0.  0.  0.1 0. ]
 [0.  0.  0.  0. ]]
Episode 88 Started
Exploring step 0
Exploring step 1
Exploring step 2
Exploring step 3
Exploring step 4
Exploring step 5
Exploring step 6
Exploring step 7
Exploring step 8
[[0.  0.  0.  0. ]
 [0.  0.  0.  0. ]
 [0.  0.  0.  0. ]
 [0.  0.  0.  0. ]
 [0.  0.  0.  0. ]
 [0.  0.  0.  0. ]
 [0.  0.  0.  0. ]
 [0.  0.  0.  0. ]
 [0.  0.  0.  0. ]
 [0.  0.  0.  0. ]
 [0.  0.  0.  0. ]
 [0.  0.  0.  0. ]
 [0.  0.  0.  0. ]
 [0.  0.  0.  0. ]
 [0.  0.  0.1 0. ]
 [0.  0.  0.  0. ]]
Episode 89 Started
Exploring step 0
Exploring step 1
Exploring step 2
Exploring step 3
Exploring step 4
Exploring step 5
Exploring step 6
Exploring step 7
Exploring step 8
Exploring step 9
Exploring step 10
Exploring step 11
Exploring step 12
Exploring step 13
[[0.  0.  0.  0. ]
 [0.  0.  0.  0. ]
 [0.  0.  0.  0. ]
 [0.  0.  0.  0. ]
 [0.  0.  0.  0. ]
 [0.  0.  0.  0. ]
 [0.  0.  0.  0. ]
 [0.  0.  0.  0. ]
 [0.  0.  0.  0. ]
 [0.  0.  0.  0. ]
 [0.  0.  0.  0. ]
 [0.  0.  0.  0. ]
 [0.  0.  0.  0. ]
 [0.  0.  0.  0. ]
 [0.  0.  0.1 0. ]
 [0.  0.  0.  0. ]]
Episode 90 Started
Exploring step 0
Exploring step 1
[[0.  0.  0.  0. ]
 [0.  0.  0.  0. ]
 [0.  0.  0.  0. ]
 [0.  0.  0.  0. ]
 [0.  0.  0.  0. ]
 [0.  0.  0.  0. ]
 [0.  0.  0.  0. ]
 [0.  0.  0.  0. ]
 [0.  0.  0.  0. ]
 [0.  0.  0.  0. ]
 [0.  0.  0.  0. ]
 [0.  0.  0.  0. ]
 [0.  0.  0.  0. ]
 [0.  0.  0.  0. ]
 [0.  0.  0.1 0. ]
 [0.  0.  0.  0. ]]
Episode 91 Started
Exploring step 0
Exploring step 1
Exploring step 2
Exploring step 3
Exploring step 4
Exploring step 5
Exploring step 6
Exploring step 7
[[0.  0.  0.  0. ]
 [0.  0.  0.  0. ]
 [0.  0.  0.  0. ]
 [0.  0.  0.  0. ]
 [0.  0.  0.  0. ]
 [0.  0.  0.  0. ]
 [0.  0.  0.  0. ]
 [0.  0.  0.  0. ]
 [0.  0.  0.  0. ]
 [0.  0.  0.  0. ]
 [0.  0.  0.  0. ]
 [0.  0.  0.  0. ]
 [0.  0.  0.  0. ]
 [0.  0.  0.  0. ]
 [0.  0.  0.1 0. ]
 [0.  0.  0.  0. ]]
Episode 92 Started
Exploring step 0
Exploring step 1
Exploring step 2
Exploring step 3
Exploring step 4
Exploring step 5
Exploring step 6
Exploring step 7
Exploring step 8
Exploring step 9
Exploring step 10
[[0.  0.  0.  0. ]
 [0.  0.  0.  0. ]
 [0.  0.  0.  0. ]
 [0.  0.  0.  0. ]
 [0.  0.  0.  0. ]
 [0.  0.  0.  0. ]
 [0.  0.  0.  0. ]
 [0.  0.  0.  0. ]
 [0.  0.  0.  0. ]
 [0.  0.  0.  0. ]
 [0.  0.  0.  0. ]
 [0.  0.  0.  0. ]
 [0.  0.  0.  0. ]
 [0.  0.  0.  0. ]
 [0.  0.  0.1 0. ]
 [0.  0.  0.  0. ]]
Episode 93 Started
Exploring step 0
Exploring step 1
Exploring step 2
Exploring step 3
Exploring step 4
Exploring step 5
Exploring step 6
Exploring step 7
Exploring step 8
Exploring step 9
Exploring step 10
Exploring step 11
Exploring step 12
Exploring step 13
Exploring step 14
Exploring step 15
Exploring step 16
Exploring step 17
Exploring step 18
Exploring step 19
Exploring step 20
[[0.  0.  0.  0. ]
 [0.  0.  0.  0. ]
 [0.  0.  0.  0. ]
 [0.  0.  0.  0. ]
 [0.  0.  0.  0. ]
 [0.  0.  0.  0. ]
 [0.  0.  0.  0. ]
 [0.  0.  0.  0. ]
 [0.  0.  0.  0. ]
 [0.  0.  0.  0. ]
 [0.  0.  0.  0. ]
 [0.  0.  0.  0. ]
 [0.  0.  0.  0. ]
 [0.  0.  0.  0. ]
 [0.  0.  0.1 0. ]
 [0.  0.  0.  0. ]]
Episode 94 Started
Exploring step 0
Exploring step 1
Exploring step 2
Exploring step 3
[[0.  0.  0.  0. ]
 [0.  0.  0.  0. ]
 [0.  0.  0.  0. ]
 [0.  0.  0.  0. ]
 [0.  0.  0.  0. ]
 [0.  0.  0.  0. ]
 [0.  0.  0.  0. ]
 [0.  0.  0.  0. ]
 [0.  0.  0.  0. ]
 [0.  0.  0.  0. ]
 [0.  0.  0.  0. ]
 [0.  0.  0.  0. ]
 [0.  0.  0.  0. ]
 [0.  0.  0.  0. ]
 [0.  0.  0.1 0. ]
 [0.  0.  0.  0. ]]
Episode 95 Started
Exploring step 0
Exploring step 1
Exploring step 2
Exploring step 3
Exploring step 4
Exploring step 5
Exploring step 6
[[0.  0.  0.  0. ]
 [0.  0.  0.  0. ]
 [0.  0.  0.  0. ]
 [0.  0.  0.  0. ]
 [0.  0.  0.  0. ]
 [0.  0.  0.  0. ]
 [0.  0.  0.  0. ]
 [0.  0.  0.  0. ]
 [0.  0.  0.  0. ]
 [0.  0.  0.  0. ]
 [0.  0.  0.  0. ]
 [0.  0.  0.  0. ]
 [0.  0.  0.  0. ]
 [0.  0.  0.  0. ]
 [0.  0.  0.1 0. ]
 [0.  0.  0.  0. ]]
Episode 96 Started
Exploring step 0
Exploring step 1
Exploring step 2
Exploring step 3
Exploring step 4
Exploring step 5
Exploring step 6
Exploring step 7
Exploring step 8
Exploring step 9
Exploring step 10
[[0.  0.  0.  0. ]
 [0.  0.  0.  0. ]
 [0.  0.  0.  0. ]
 [0.  0.  0.  0. ]
 [0.  0.  0.  0. ]
 [0.  0.  0.  0. ]
 [0.  0.  0.  0. ]
 [0.  0.  0.  0. ]
 [0.  0.  0.  0. ]
 [0.  0.  0.  0. ]
 [0.  0.  0.  0. ]
 [0.  0.  0.  0. ]
 [0.  0.  0.  0. ]
 [0.  0.  0.  0. ]
 [0.  0.  0.1 0. ]
 [0.  0.  0.  0. ]]
Episode 97 Started
Exploring step 0
Exploring step 1
Exploring step 2
Exploring step 3
Exploring step 4
Exploring step 5
Exploring step 6
Exploring step 7
[[0.  0.  0.  0. ]
 [0.  0.  0.  0. ]
 [0.  0.  0.  0. ]
 [0.  0.  0.  0. ]
 [0.  0.  0.  0. ]
 [0.  0.  0.  0. ]
 [0.  0.  0.  0. ]
 [0.  0.  0.  0. ]
 [0.  0.  0.  0. ]
 [0.  0.  0.  0. ]
 [0.  0.  0.  0. ]
 [0.  0.  0.  0. ]
 [0.  0.  0.  0. ]
 [0.  0.  0.  0. ]
 [0.  0.  0.1 0. ]
 [0.  0.  0.  0. ]]
Episode 98 Started
Exploring step 0
Exploring step 1
[[0.  0.  0.  0. ]
 [0.  0.  0.  0. ]
 [0.  0.  0.  0. ]
 [0.  0.  0.  0. ]
 [0.  0.  0.  0. ]
 [0.  0.  0.  0. ]
 [0.  0.  0.  0. ]
 [0.  0.  0.  0. ]
 [0.  0.  0.  0. ]
 [0.  0.  0.  0. ]
 [0.  0.  0.  0. ]
 [0.  0.  0.  0. ]
 [0.  0.  0.  0. ]
 [0.  0.  0.  0. ]
 [0.  0.  0.1 0. ]
 [0.  0.  0.  0. ]]
Episode 99 Started
Exploring step 0
Exploring step 1
Exploring step 2
Exploring step 3
Exploring step 4
Exploring step 5
[[0.  0.  0.  0. ]
 [0.  0.  0.  0. ]
 [0.  0.  0.  0. ]
 [0.  0.  0.  0. ]
 [0.  0.  0.  0. ]
 [0.  0.  0.  0. ]
 [0.  0.  0.  0. ]
 [0.  0.  0.  0. ]
 [0.  0.  0.  0. ]
 [0.  0.  0.  0. ]
 [0.  0.  0.  0. ]
 [0.  0.  0.  0. ]
 [0.  0.  0.  0. ]
 [0.  0.  0.  0. ]
 [0.  0.  0.1 0. ]
 [0.  0.  0.  0. ]]
[0, 0, 0, 0, 0, 0, 0, 0, 0, 0, 0, 0, 0, 0, 0, 0, 0, 0, 0, 0, 0, 0, 0, 0, 0, 0, 0, 0, 0, 0, 0, 0, 0, 0, 0, 0, 0, 0, 0, 0, 0, 0, 0, 0, 0, 0, 0, 0, 0, 0, 0, 0, 0, 0, 0, 0, 0, 0, 0, 0, 0, 0, 0, 0, 0, 0, 0, 0, 0, 0, 0, 0, 0, 0, 0, 0, 0, 0, 0, 0, 0, 0, 0, 0, 0, 0, 0, 0, 0, 0, 0, 0, 0, 0, 0, 0, 0, 0, 0, 0, 0, 0, 0, 0, 0, 0, 0, 0, 0, 0, 0, 0, 0, 0, 0, 0, 0, 0, 0, 0, 0, 0, 0, 0, 0, 0, 0, 0, 0, 0, 0, 0, 0, 0, 0, 0, 0, 0, 0, 0, 0, 0, 0, 0, 0, 0, 0, 0, 0, 0, 0, 0, 0, 0, 0, 0, 0, 0, 0, 0, 0, 0, 0, 0, 0, 0, 0, 0, 0, 0, 0, 0, 0, 0, 0, 0, 0, 0, 0, 0, 0, 0, 0, 0, 0, 0, 0, 0, 0, 0, 0, 0, 0, 0, 0, 0, 0, 0, 0, 0, 0, 0, 0, 0, 0, 0, 0, 0, 0, 0, 0, 0, 0, 0, 0, 0, 0, 0, 0, 0, 0, 0, 0, 0, 0, 0, 0, 0, 0, 0, 0, 0, 0, 0, 0, 0, 0, 0, 0, 0, 0, 0, 0, 0, 0, 0, 0, 0, 0, 0, 0, 0, 0, 0, 0, 0, 0, 0, 0, 0, 0, 0, 0, 0, 0, 0, 0, 0, 0, 0, 0, 0, 0, 0, 0, 0, 0, 0, 0, 0, 0, 0, 0, 0, 0, 0, 0, 0, 0, 0, 0, 0, 0, 0, 0, 0, 0, 0, 0, 0, 0, 0, 0, 0, 0, 0, 0, 0, 0, 0, 0, 0, 0, 0, 0, 0, 0, 0, 0, 0, 0, 0, 0, 0, 0, 0, 0, 0, 0, 0, 0, 0, 0, 0, 0, 0, 0, 0, 0, 0, 0, 0, 0, 0, 0, 0, 0, 0, 0, 0, 0, 0, 0, 0, 0, 0, 0, 0, 0, 0, 0, 0, 0, 0, 0, 0, 0, 0, 0, 0, 0, 0, 0, 0, 0, 0, 0, 0, 0, 0, 0, 0, 0, 0, 0, 0, 0, 0, 0, 0, 0, 0, 0, 0, 0, 0, 0, 0, 0, 0, 0, 0, 0, 0, 0, 0, 0, 0, 0, 0, 0, 0, 0, 0, 0, 0, 0, 0, 0, 0, 0, 0, 0, 0, 0, 0, 0, 0, 0, 0, 0, 0, 0, 0, 0, 0, 0, 0, 0, 0, 0, 0, 0, 0, 0, 0, 0, 0, 0, 0, 0, 0, 0, 0, 0, 0, 0, 0, 0, 0, 0, 0, 0, 0, 0, 0, 0, 0, 0, 0, 0, 0, 0, 0, 0, 0, 0, 0, 0, 0, 0, 0, 0, 0, 0, 0, 0, 0, 0, 0, 0, 0, 0, 0, 0, 0, 0, 0, 0, 0, 0, 0, 0, 0, 0, 0, 0, 0, 0, 0, 0, 0, 0, 0, 0, 0, 0, 0, 0, 0, 0, 0, 0, 0, 0, 0, 0, 0, 0, 0, 0, 0, 0, 0, 0, 0, 0, 0, 0, 0, 0, 0, 0, 0, 0, 0, 0, 0, 0, 0, 0, 0, 0, 0, 0, 0, 0, 0, 0, 0, 0, 0, 0, 0, 0, 0, 0, 0, 0, 0, 0, 0, 0, 0, 0, 0, 0, 0, 0, 0, 0, 0, 0, 0, 0, 0, 0, 0, 0, 0, 0, 0, 0, 0, 0, 0, 0, 0, 0, 0, 0, 0, 0, 0, 0, 0, 0, 0, 0, 0, 0, 0, 0, 0, 0, 0, 0, 0, 0, 0, 0, 0, 0, 0, 0, 0, 0, 0, 0, 0, 0, 0, 0, 0, 0, 0, 0, 0, 0, 0, 0, 0, 0, 0, 0, 0, 0, 0, 0, 0, 0, 0, 0, 0, 0, 0, 0, 0, 0, 0, 0, 0, 0, 0, 0, 0, 0, 0, 0, 0, 0, 0, 0, 0, 0, 0, 0, 0, 0, 0, 0, 0, 0, 0, 0, 0, 0, 0, 0, 0, 0]
